<?xml version="1.0" encoding="UTF-8"?>
<!-- Generated by org.testng.reporters.JUnitXMLReporter -->
<testsuite ignored="1" hostname="DESKTOP-SDSLJ94" failures="0" tests="1" name="UserLogin" time="64.48" errors="0" timestamp="2024-08-18T09:14:14 PDT">
  <testcase classname="test.com.LoginRegistration" name="login" time="29.686"/>
  <testcase classname="test.com.LoginRegistration" name="registration" time="0.0">
    <ignored/>
  </testcase> <!-- registration -->
</testsuite> <!-- UserLogin -->
